2021/04/06-16:11 [restartedMain] INFO  com.penghy.gymnasium.GymnasiumApplication: Starting GymnasiumApplication on HY-002 with PID 30560 (D:\projects\person\sportswork-master\target\classes started by HY-001 in D:\projects\person\sportswork-master)
2021/04/06-16:11 [restartedMain] INFO  com.penghy.gymnasium.GymnasiumApplication: No active profile set, falling back to default profiles: default
2021/04/06-16:11 [restartedMain] INFO  org.springframework.boot.devtools.env.DevToolsPropertyDefaultsPostProcessor: Devtools property defaults active! Set 'spring.devtools.add-properties' to 'false' to disable
2021/04/06-16:11 [restartedMain] INFO  org.springframework.boot.devtools.env.DevToolsPropertyDefaultsPostProcessor: For additional web related logging consider setting the 'logging.level.web' property to 'DEBUG'
2021/04/06-16:11 [restartedMain] INFO  org.springframework.boot.web.embedded.tomcat.TomcatWebServer: Tomcat initialized with port(s): 8081 (http)
2021/04/06-16:11 [restartedMain] INFO  org.apache.catalina.core.StandardService: Starting service [Tomcat]
2021/04/06-16:11 [restartedMain] INFO  org.apache.catalina.core.StandardEngine: Starting Servlet engine: [Apache Tomcat/9.0.29]
2021/04/06-16:11 [restartedMain] INFO  org.apache.catalina.core.ContainerBase.[Tomcat].[localhost].[/]: Initializing Spring embedded WebApplicationContext
2021/04/06-16:11 [restartedMain] INFO  org.springframework.web.context.ContextLoader: Root WebApplicationContext: initialization completed in 1977 ms
2021/04/06-16:11 [restartedMain] INFO  org.springframework.security.web.DefaultSecurityFilterChain: Creating filter chain: any request, [org.springframework.security.web.context.request.async.WebAsyncManagerIntegrationFilter@20a2a8bb, org.springframework.security.web.context.SecurityContextPersistenceFilter@25d4830e, org.springframework.security.web.header.HeaderWriterFilter@3731db55, org.springframework.security.web.authentication.logout.LogoutFilter@6c78c338, org.springframework.security.web.authentication.UsernamePasswordAuthenticationFilter@1d9fb93e, org.springframework.security.web.savedrequest.RequestCacheAwareFilter@411026b5, org.springframework.security.web.servletapi.SecurityContextHolderAwareRequestFilter@d82a719, org.springframework.security.web.authentication.AnonymousAuthenticationFilter@1bc9eeae, org.springframework.security.web.session.SessionManagementFilter@44d06f3, org.springframework.security.web.access.ExceptionTranslationFilter@6f804599, org.springframework.security.web.access.intercept.FilterSecurityInterceptor@67e40a45]
2021/04/06-16:11 [restartedMain] INFO  org.springframework.scheduling.concurrent.ThreadPoolTaskExecutor: Initializing ExecutorService 'applicationTaskExecutor'
2021/04/06-16:11 [restartedMain] WARN  org.thymeleaf.templatemode.TemplateMode: [THYMELEAF][restartedMain] Template Mode 'HTML5' is deprecated. Using Template Mode 'HTML' instead.
2021/04/06-16:11 [restartedMain] INFO  org.springframework.scheduling.concurrent.ThreadPoolTaskScheduler: Initializing ExecutorService 'taskScheduler'
2021/04/06-16:11 [restartedMain] INFO  org.springframework.boot.devtools.autoconfigure.OptionalLiveReloadServer: LiveReload server is running on port 35729
2021/04/06-16:11 [restartedMain] INFO  org.springframework.boot.web.embedded.tomcat.TomcatWebServer: Tomcat started on port(s): 8081 (http) with context path ''
2021/04/06-16:11 [restartedMain] INFO  com.penghy.gymnasium.GymnasiumApplication: Started GymnasiumApplication in 4.957 seconds (JVM running for 8.666)
2021/04/06-16:12 [http-nio-8081-exec-1] INFO  org.apache.catalina.core.ContainerBase.[Tomcat].[localhost].[/]: Initializing Spring DispatcherServlet 'dispatcherServlet'
2021/04/06-16:12 [http-nio-8081-exec-1] INFO  org.springframework.web.servlet.DispatcherServlet: Initializing Servlet 'dispatcherServlet'
2021/04/06-16:12 [http-nio-8081-exec-1] INFO  org.springframework.web.servlet.DispatcherServlet: Completed initialization in 9 ms
2021/04/06-16:13 [http-nio-8081-exec-7] INFO  com.alibaba.druid.pool.DruidDataSource: {dataSource-1} inited
